<?xml version="1.0" encoding="UTF-8"?>
<testsuite xmlns:xsi="http://www.w3.org/2001/XMLSchema-instance" xsi:noNamespaceSchemaLocation="https://maven.apache.org/surefire/maven-surefire-plugin/xsd/surefire-test-report.xsd" name="ch.adesso.crm.camel.CustomerSimpleReaderTest" time="9.476" tests="2" errors="0" skipped="0" failures="0">
  <properties>
    <property name="gopherProxySet" value="false"/>
    <property name="awt.toolkit" value="sun.lwawt.macosx.LWCToolkit"/>
    <property name="file.encoding.pkg" value="sun.io"/>
    <property name="java.specification.version" value="1.8"/>
    <property name="sun.cpu.isalist" value=""/>
    <property name="sun.jnu.encoding" value="UTF-8"/>
    <property name="java.class.path" value="/Users/wijngaards/workspace/crm-reference-7.0/crm-camel/target/test-classes:/Users/wijngaards/workspace/crm-reference-7.0/crm-camel/target/classes:/Users/wijngaards/workspace/crm-reference-7.0/crm-persistence/target/crm-persistence-1.0.0-SNAPSHOT.jar:/Users/wijngaards/.m2/repository/javax/transaction/javax.transaction-api/1.2/javax.transaction-api-1.2.jar:/Users/wijngaards/workspace/crm-reference-7.0/crm-service/target/crm-service-1.0.0-SNAPSHOT.jar:/Users/wijngaards/.m2/repository/org/apache/camel/camel-jaxb/2.21.0.fuse-000055-redhat-2/camel-jaxb-2.21.0.fuse-000055-redhat-2.jar:/Users/wijngaards/.m2/repository/com/sun/xml/bind/jaxb-core/2.3.0/jaxb-core-2.3.0.jar:/Users/wijngaards/.m2/repository/com/sun/xml/bind/jaxb-impl/2.3.0/jaxb-impl-2.3.0.jar:/Users/wijngaards/.m2/repository/org/apache/activemq/activemq-camel/5.15.3/activemq-camel-5.15.3.jar:/Users/wijngaards/.m2/repository/org/apache/camel/camel-jms/2.21.0.fuse-000055-redhat-2/camel-jms-2.21.0.fuse-000055-redhat-2.jar:/Users/wijngaards/.m2/repository/org/apache/camel/camel-spring/2.21.0.fuse-000055-redhat-2/camel-spring-2.21.0.fuse-000055-redhat-2.jar:/Users/wijngaards/.m2/repository/org/springframework/spring-core/4.3.14.RELEASE/spring-core-4.3.14.RELEASE.jar:/Users/wijngaards/.m2/repository/org/springframework/spring-aop/4.3.14.RELEASE/spring-aop-4.3.14.RELEASE.jar:/Users/wijngaards/.m2/repository/org/springframework/spring-expression/4.3.14.RELEASE/spring-expression-4.3.14.RELEASE.jar:/Users/wijngaards/.m2/repository/org/springframework/spring-jms/4.3.14.RELEASE/spring-jms-4.3.14.RELEASE.jar:/Users/wijngaards/.m2/repository/org/springframework/spring-messaging/4.3.14.RELEASE/spring-messaging-4.3.14.RELEASE.jar:/Users/wijngaards/.m2/repository/org/springframework/spring-context/4.3.14.RELEASE/spring-context-4.3.14.RELEASE.jar:/Users/wijngaards/.m2/repository/org/springframework/spring-tx/4.3.14.RELEASE/spring-tx-4.3.14.RELEASE.jar:/Users/wijngaards/.m2/repository/org/springframework/spring-beans/4.3.14.RELEASE/spring-beans-4.3.14.RELEASE.jar:/Users/wijngaards/.m2/repository/org/apache/geronimo/specs/geronimo-jms_2.0_spec/1.0.0.alpha-2-redhat-2/geronimo-jms_2.0_spec-1.0.0.alpha-2-redhat-2.jar:/Users/wijngaards/.m2/repository/org/apache/activemq/activemq-spring/5.15.3/activemq-spring-5.15.3.jar:/Users/wijngaards/.m2/repository/org/apache/xbean/xbean-spring/4.5/xbean-spring-4.5.jar:/Users/wijngaards/.m2/repository/org/apache/activemq/activemq-broker/5.15.3/activemq-broker-5.15.3.jar:/Users/wijngaards/.m2/repository/org/apache/activemq/activemq-openwire-legacy/5.15.3/activemq-openwire-legacy-5.15.3.jar:/Users/wijngaards/.m2/repository/com/google/guava/guava/19.0.0.redhat-1/guava-19.0.0.redhat-1.jar:/Users/wijngaards/.m2/repository/com/fasterxml/jackson/core/jackson-databind/2.8.9/jackson-databind-2.8.9.jar:/Users/wijngaards/.m2/repository/com/fasterxml/jackson/core/jackson-annotations/2.8.9/jackson-annotations-2.8.9.jar:/Users/wijngaards/.m2/repository/com/fasterxml/jackson/core/jackson-core/2.8.9/jackson-core-2.8.9.jar:/Users/wijngaards/.m2/repository/org/apache/geronimo/specs/geronimo-jta_1.0.1B_spec/1.0.1/geronimo-jta_1.0.1B_spec-1.0.1.jar:/Users/wijngaards/.m2/repository/org/apache/commons/commons-pool2/2.5.0/commons-pool2-2.5.0.jar:/Users/wijngaards/.m2/repository/org/apache/activemq/activemq-pool/5.15.3/activemq-pool-5.15.3.jar:/Users/wijngaards/.m2/repository/org/apache/activemq/activemq-jms-pool/5.15.3/activemq-jms-pool-5.15.3.jar:/Users/wijngaards/.m2/repository/org/apache/geronimo/specs/geronimo-jms_1.1_spec/1.1.1.redhat-2/geronimo-jms_1.1_spec-1.1.1.redhat-2.jar:/Users/wijngaards/.m2/repository/org/apache/activemq/activemq-client/5.15.3/activemq-client-5.15.3.jar:/Users/wijngaards/.m2/repository/org/fusesource/hawtbuf/hawtbuf/1.11/hawtbuf-1.11.jar:/Users/wijngaards/.m2/repository/org/apache/geronimo/specs/geronimo-j2ee-management_1.1_spec/1.0.1/geronimo-j2ee-management_1.1_spec-1.0.1.jar:/Users/wijngaards/.m2/repository/org/apache/camel/camel-blueprint/2.21.0.fuse-000055-redhat-2/camel-blueprint-2.21.0.fuse-000055-redhat-2.jar:/Users/wijngaards/.m2/repository/org/apache/camel/camel-core-xml/2.21.0.fuse-000055-redhat-2/camel-core-xml-2.21.0.fuse-000055-redhat-2.jar:/Users/wijngaards/.m2/repository/org/apache/camel/camel-core-osgi/2.21.0.fuse-000055-redhat-2/camel-core-osgi-2.21.0.fuse-000055-redhat-2.jar:/Users/wijngaards/.m2/repository/org/apache/camel/camel-core/2.21.0.fuse-000055-redhat-2/camel-core-2.21.0.fuse-000055-redhat-2.jar:/Users/wijngaards/.m2/repository/org/slf4j/slf4j-api/1.7.25/slf4j-api-1.7.25.jar:/Users/wijngaards/.m2/repository/org/slf4j/slf4j-log4j12/1.7.25/slf4j-log4j12-1.7.25.jar:/Users/wijngaards/.m2/repository/log4j/log4j/1.2.17.redhat-3/log4j-1.2.17.redhat-3.jar:/Users/wijngaards/.m2/repository/org/apache/camel/camel-test-blueprint/2.15.4/camel-test-blueprint-2.15.4.jar:/Users/wijngaards/.m2/repository/org/apache/camel/camel-test/2.21.0.fuse-000055-redhat-2/camel-test-2.21.0.fuse-000055-redhat-2.jar:/Users/wijngaards/.m2/repository/org/apache/camel/camel-core/2.21.0.fuse-000055-redhat-2/camel-core-2.21.0.fuse-000055-redhat-2-tests.jar:/Users/wijngaards/.m2/repository/org/apache/aries/proxy/org.apache.aries.proxy.api/1.1.0/org.apache.aries.proxy.api-1.1.0.jar:/Users/wijngaards/.m2/repository/org/apache/aries/proxy/org.apache.aries.proxy.impl/1.0.4/org.apache.aries.proxy.impl-1.0.4.jar:/Users/wijngaards/.m2/repository/org/apache/aries/blueprint/org.apache.aries.blueprint.api/1.0.1.redhat-611412/org.apache.aries.blueprint.api-1.0.1.redhat-611412.jar:/Users/wijngaards/.m2/repository/org/apache/aries/blueprint/org.apache.aries.blueprint.core/1.4.4/org.apache.aries.blueprint.core-1.4.4.jar:/Users/wijngaards/.m2/repository/org/apache/aries/quiesce/org.apache.aries.quiesce.api/1.0.0/org.apache.aries.quiesce.api-1.0.0.jar:/Users/wijngaards/.m2/repository/org/apache/aries/blueprint/org.apache.aries.blueprint.cm/1.0.6/org.apache.aries.blueprint.cm-1.0.6.jar:/Users/wijngaards/.m2/repository/org/apache/aries/org.apache.aries.util/1.1.0/org.apache.aries.util-1.1.0.jar:/Users/wijngaards/.m2/repository/org/apache/felix/org.apache.felix.connect/0.1.0/org.apache.felix.connect-0.1.0.jar:/Users/wijngaards/.m2/repository/org/ops4j/pax/swissbox/pax-swissbox-tinybundles/1.3.2/pax-swissbox-tinybundles-1.3.2.jar:/Users/wijngaards/.m2/repository/org/ops4j/base/ops4j-base-lang/1.5.0/ops4j-base-lang-1.5.0.jar:/Users/wijngaards/.m2/repository/org/ops4j/base/ops4j-base-io/1.5.0/ops4j-base-io-1.5.0.jar:/Users/wijngaards/.m2/repository/org/ops4j/base/ops4j-base-monitors/1.5.0/ops4j-base-monitors-1.5.0.jar:/Users/wijngaards/.m2/repository/org/ops4j/base/ops4j-base-store/1.5.0/ops4j-base-store-1.5.0.jar:/Users/wijngaards/.m2/repository/org/ops4j/pax/swissbox/pax-swissbox-bnd/1.8.3/pax-swissbox-bnd-1.8.3.jar:/Users/wijngaards/.m2/repository/biz/aQute/bnd/bndlib/2.4.0/bndlib-2.4.0.jar:/Users/wijngaards/.m2/repository/commons-logging/commons-logging/1.2.0.redhat-3/commons-logging-1.2.0.redhat-3.jar:/Users/wijngaards/.m2/repository/junit/junit/4.12.0.redhat-003/junit-4.12.0.redhat-003.jar:/Users/wijngaards/.m2/repository/org/hamcrest/hamcrest-core/1.3-redhat-1/hamcrest-core-1.3-redhat-1.jar:/Users/wijngaards/.m2/repository/org/apache/felix/org.apache.felix.configadmin/1.8.16/org.apache.felix.configadmin-1.8.16.jar:/Users/wijngaards/.m2/repository/org/mockito/mockito-all/1.10.19/mockito-all-1.10.19.jar:"/>
    <property name="java.vm.vendor" value="Oracle Corporation"/>
    <property name="sun.arch.data.model" value="64"/>
    <property name="java.vendor.url" value="http://java.oracle.com/"/>
    <property name="user.timezone" value=""/>
    <property name="java.vm.specification.version" value="1.8"/>
    <property name="os.name" value="Mac OS X"/>
    <property name="user.country" value="CH"/>
    <property name="sun.java.launcher" value="SUN_STANDARD"/>
    <property name="sun.boot.library.path" value="/Library/Java/JavaVirtualMachines/jdk1.8.0_102.jdk/Contents/Home/jre/lib"/>
    <property name="sun.java.command" value="/Users/wijngaards/workspace/crm-reference-7.0/crm-camel/target/surefire/surefirebooter9108127484520815740.jar /Users/wijngaards/workspace/crm-reference-7.0/crm-camel/target/surefire 2018-04-25T08-06-34_884-jvmRun1 surefire5608308812232591046tmp surefire_0823086021165026977tmp"/>
    <property name="http.nonProxyHosts" value="local|*.local|169.254/16|*.169.254/16"/>
    <property name="surefire.test.class.path" value="/Users/wijngaards/workspace/crm-reference-7.0/crm-camel/target/test-classes:/Users/wijngaards/workspace/crm-reference-7.0/crm-camel/target/classes:/Users/wijngaards/workspace/crm-reference-7.0/crm-persistence/target/crm-persistence-1.0.0-SNAPSHOT.jar:/Users/wijngaards/.m2/repository/javax/transaction/javax.transaction-api/1.2/javax.transaction-api-1.2.jar:/Users/wijngaards/workspace/crm-reference-7.0/crm-service/target/crm-service-1.0.0-SNAPSHOT.jar:/Users/wijngaards/.m2/repository/org/apache/camel/camel-jaxb/2.21.0.fuse-000055-redhat-2/camel-jaxb-2.21.0.fuse-000055-redhat-2.jar:/Users/wijngaards/.m2/repository/com/sun/xml/bind/jaxb-core/2.3.0/jaxb-core-2.3.0.jar:/Users/wijngaards/.m2/repository/com/sun/xml/bind/jaxb-impl/2.3.0/jaxb-impl-2.3.0.jar:/Users/wijngaards/.m2/repository/org/apache/activemq/activemq-camel/5.15.3/activemq-camel-5.15.3.jar:/Users/wijngaards/.m2/repository/org/apache/camel/camel-jms/2.21.0.fuse-000055-redhat-2/camel-jms-2.21.0.fuse-000055-redhat-2.jar:/Users/wijngaards/.m2/repository/org/apache/camel/camel-spring/2.21.0.fuse-000055-redhat-2/camel-spring-2.21.0.fuse-000055-redhat-2.jar:/Users/wijngaards/.m2/repository/org/springframework/spring-core/4.3.14.RELEASE/spring-core-4.3.14.RELEASE.jar:/Users/wijngaards/.m2/repository/org/springframework/spring-aop/4.3.14.RELEASE/spring-aop-4.3.14.RELEASE.jar:/Users/wijngaards/.m2/repository/org/springframework/spring-expression/4.3.14.RELEASE/spring-expression-4.3.14.RELEASE.jar:/Users/wijngaards/.m2/repository/org/springframework/spring-jms/4.3.14.RELEASE/spring-jms-4.3.14.RELEASE.jar:/Users/wijngaards/.m2/repository/org/springframework/spring-messaging/4.3.14.RELEASE/spring-messaging-4.3.14.RELEASE.jar:/Users/wijngaards/.m2/repository/org/springframework/spring-context/4.3.14.RELEASE/spring-context-4.3.14.RELEASE.jar:/Users/wijngaards/.m2/repository/org/springframework/spring-tx/4.3.14.RELEASE/spring-tx-4.3.14.RELEASE.jar:/Users/wijngaards/.m2/repository/org/springframework/spring-beans/4.3.14.RELEASE/spring-beans-4.3.14.RELEASE.jar:/Users/wijngaards/.m2/repository/org/apache/geronimo/specs/geronimo-jms_2.0_spec/1.0.0.alpha-2-redhat-2/geronimo-jms_2.0_spec-1.0.0.alpha-2-redhat-2.jar:/Users/wijngaards/.m2/repository/org/apache/activemq/activemq-spring/5.15.3/activemq-spring-5.15.3.jar:/Users/wijngaards/.m2/repository/org/apache/xbean/xbean-spring/4.5/xbean-spring-4.5.jar:/Users/wijngaards/.m2/repository/org/apache/activemq/activemq-broker/5.15.3/activemq-broker-5.15.3.jar:/Users/wijngaards/.m2/repository/org/apache/activemq/activemq-openwire-legacy/5.15.3/activemq-openwire-legacy-5.15.3.jar:/Users/wijngaards/.m2/repository/com/google/guava/guava/19.0.0.redhat-1/guava-19.0.0.redhat-1.jar:/Users/wijngaards/.m2/repository/com/fasterxml/jackson/core/jackson-databind/2.8.9/jackson-databind-2.8.9.jar:/Users/wijngaards/.m2/repository/com/fasterxml/jackson/core/jackson-annotations/2.8.9/jackson-annotations-2.8.9.jar:/Users/wijngaards/.m2/repository/com/fasterxml/jackson/core/jackson-core/2.8.9/jackson-core-2.8.9.jar:/Users/wijngaards/.m2/repository/org/apache/geronimo/specs/geronimo-jta_1.0.1B_spec/1.0.1/geronimo-jta_1.0.1B_spec-1.0.1.jar:/Users/wijngaards/.m2/repository/org/apache/commons/commons-pool2/2.5.0/commons-pool2-2.5.0.jar:/Users/wijngaards/.m2/repository/org/apache/activemq/activemq-pool/5.15.3/activemq-pool-5.15.3.jar:/Users/wijngaards/.m2/repository/org/apache/activemq/activemq-jms-pool/5.15.3/activemq-jms-pool-5.15.3.jar:/Users/wijngaards/.m2/repository/org/apache/geronimo/specs/geronimo-jms_1.1_spec/1.1.1.redhat-2/geronimo-jms_1.1_spec-1.1.1.redhat-2.jar:/Users/wijngaards/.m2/repository/org/apache/activemq/activemq-client/5.15.3/activemq-client-5.15.3.jar:/Users/wijngaards/.m2/repository/org/fusesource/hawtbuf/hawtbuf/1.11/hawtbuf-1.11.jar:/Users/wijngaards/.m2/repository/org/apache/geronimo/specs/geronimo-j2ee-management_1.1_spec/1.0.1/geronimo-j2ee-management_1.1_spec-1.0.1.jar:/Users/wijngaards/.m2/repository/org/apache/camel/camel-blueprint/2.21.0.fuse-000055-redhat-2/camel-blueprint-2.21.0.fuse-000055-redhat-2.jar:/Users/wijngaards/.m2/repository/org/apache/camel/camel-core-xml/2.21.0.fuse-000055-redhat-2/camel-core-xml-2.21.0.fuse-000055-redhat-2.jar:/Users/wijngaards/.m2/repository/org/apache/camel/camel-core-osgi/2.21.0.fuse-000055-redhat-2/camel-core-osgi-2.21.0.fuse-000055-redhat-2.jar:/Users/wijngaards/.m2/repository/org/apache/camel/camel-core/2.21.0.fuse-000055-redhat-2/camel-core-2.21.0.fuse-000055-redhat-2.jar:/Users/wijngaards/.m2/repository/org/slf4j/slf4j-api/1.7.25/slf4j-api-1.7.25.jar:/Users/wijngaards/.m2/repository/org/slf4j/slf4j-log4j12/1.7.25/slf4j-log4j12-1.7.25.jar:/Users/wijngaards/.m2/repository/log4j/log4j/1.2.17.redhat-3/log4j-1.2.17.redhat-3.jar:/Users/wijngaards/.m2/repository/org/apache/camel/camel-test-blueprint/2.15.4/camel-test-blueprint-2.15.4.jar:/Users/wijngaards/.m2/repository/org/apache/camel/camel-test/2.21.0.fuse-000055-redhat-2/camel-test-2.21.0.fuse-000055-redhat-2.jar:/Users/wijngaards/.m2/repository/org/apache/camel/camel-core/2.21.0.fuse-000055-redhat-2/camel-core-2.21.0.fuse-000055-redhat-2-tests.jar:/Users/wijngaards/.m2/repository/org/apache/aries/proxy/org.apache.aries.proxy.api/1.1.0/org.apache.aries.proxy.api-1.1.0.jar:/Users/wijngaards/.m2/repository/org/apache/aries/proxy/org.apache.aries.proxy.impl/1.0.4/org.apache.aries.proxy.impl-1.0.4.jar:/Users/wijngaards/.m2/repository/org/apache/aries/blueprint/org.apache.aries.blueprint.api/1.0.1.redhat-611412/org.apache.aries.blueprint.api-1.0.1.redhat-611412.jar:/Users/wijngaards/.m2/repository/org/apache/aries/blueprint/org.apache.aries.blueprint.core/1.4.4/org.apache.aries.blueprint.core-1.4.4.jar:/Users/wijngaards/.m2/repository/org/apache/aries/quiesce/org.apache.aries.quiesce.api/1.0.0/org.apache.aries.quiesce.api-1.0.0.jar:/Users/wijngaards/.m2/repository/org/apache/aries/blueprint/org.apache.aries.blueprint.cm/1.0.6/org.apache.aries.blueprint.cm-1.0.6.jar:/Users/wijngaards/.m2/repository/org/apache/aries/org.apache.aries.util/1.1.0/org.apache.aries.util-1.1.0.jar:/Users/wijngaards/.m2/repository/org/apache/felix/org.apache.felix.connect/0.1.0/org.apache.felix.connect-0.1.0.jar:/Users/wijngaards/.m2/repository/org/ops4j/pax/swissbox/pax-swissbox-tinybundles/1.3.2/pax-swissbox-tinybundles-1.3.2.jar:/Users/wijngaards/.m2/repository/org/ops4j/base/ops4j-base-lang/1.5.0/ops4j-base-lang-1.5.0.jar:/Users/wijngaards/.m2/repository/org/ops4j/base/ops4j-base-io/1.5.0/ops4j-base-io-1.5.0.jar:/Users/wijngaards/.m2/repository/org/ops4j/base/ops4j-base-monitors/1.5.0/ops4j-base-monitors-1.5.0.jar:/Users/wijngaards/.m2/repository/org/ops4j/base/ops4j-base-store/1.5.0/ops4j-base-store-1.5.0.jar:/Users/wijngaards/.m2/repository/org/ops4j/pax/swissbox/pax-swissbox-bnd/1.8.3/pax-swissbox-bnd-1.8.3.jar:/Users/wijngaards/.m2/repository/biz/aQute/bnd/bndlib/2.4.0/bndlib-2.4.0.jar:/Users/wijngaards/.m2/repository/commons-logging/commons-logging/1.2.0.redhat-3/commons-logging-1.2.0.redhat-3.jar:/Users/wijngaards/.m2/repository/junit/junit/4.12.0.redhat-003/junit-4.12.0.redhat-003.jar:/Users/wijngaards/.m2/repository/org/hamcrest/hamcrest-core/1.3-redhat-1/hamcrest-core-1.3-redhat-1.jar:/Users/wijngaards/.m2/repository/org/apache/felix/org.apache.felix.configadmin/1.8.16/org.apache.felix.configadmin-1.8.16.jar:/Users/wijngaards/.m2/repository/org/mockito/mockito-all/1.10.19/mockito-all-1.10.19.jar:"/>
    <property name="sun.cpu.endian" value="little"/>
    <property name="user.home" value="/Users/wijngaards"/>
    <property name="user.language" value="de"/>
    <property name="java.specification.vendor" value="Oracle Corporation"/>
    <property name="java.home" value="/Library/Java/JavaVirtualMachines/jdk1.8.0_102.jdk/Contents/Home/jre"/>
    <property name="basedir" value="/Users/wijngaards/workspace/crm-reference-7.0/crm-camel"/>
    <property name="file.separator" value="/"/>
    <property name="line.separator" value="&#10;"/>
    <property name="java.vm.specification.vendor" value="Oracle Corporation"/>
    <property name="java.specification.name" value="Java Platform API Specification"/>
    <property name="java.awt.graphicsenv" value="sun.awt.CGraphicsEnvironment"/>
    <property name="surefire.real.class.path" value="/Users/wijngaards/workspace/crm-reference-7.0/crm-camel/target/surefire/surefirebooter9108127484520815740.jar"/>
    <property name="sun.boot.class.path" value="/Library/Java/JavaVirtualMachines/jdk1.8.0_102.jdk/Contents/Home/jre/lib/resources.jar:/Library/Java/JavaVirtualMachines/jdk1.8.0_102.jdk/Contents/Home/jre/lib/rt.jar:/Library/Java/JavaVirtualMachines/jdk1.8.0_102.jdk/Contents/Home/jre/lib/sunrsasign.jar:/Library/Java/JavaVirtualMachines/jdk1.8.0_102.jdk/Contents/Home/jre/lib/jsse.jar:/Library/Java/JavaVirtualMachines/jdk1.8.0_102.jdk/Contents/Home/jre/lib/jce.jar:/Library/Java/JavaVirtualMachines/jdk1.8.0_102.jdk/Contents/Home/jre/lib/charsets.jar:/Library/Java/JavaVirtualMachines/jdk1.8.0_102.jdk/Contents/Home/jre/lib/jfr.jar:/Library/Java/JavaVirtualMachines/jdk1.8.0_102.jdk/Contents/Home/jre/classes"/>
    <property name="sun.management.compiler" value="HotSpot 64-Bit Tiered Compilers"/>
    <property name="ftp.nonProxyHosts" value="local|*.local|169.254/16|*.169.254/16"/>
    <property name="java.runtime.version" value="1.8.0_102-b14"/>
    <property name="user.name" value="wijngaards"/>
    <property name="path.separator" value=":"/>
    <property name="os.version" value="10.13.3"/>
    <property name="java.endorsed.dirs" value="/Library/Java/JavaVirtualMachines/jdk1.8.0_102.jdk/Contents/Home/jre/lib/endorsed"/>
    <property name="java.runtime.name" value="Java(TM) SE Runtime Environment"/>
    <property name="file.encoding" value="UTF-8"/>
    <property name="java.vm.name" value="Java HotSpot(TM) 64-Bit Server VM"/>
    <property name="localRepository" value="/Users/wijngaards/.m2/repository"/>
    <property name="java.vendor.url.bug" value="http://bugreport.sun.com/bugreport/"/>
    <property name="java.io.tmpdir" value="/var/folders/wx/n74wdtv13_d7tct44d8j1_xc0000gn/T/"/>
    <property name="java.version" value="1.8.0_102"/>
    <property name="user.dir" value="/Users/wijngaards/workspace/crm-reference-7.0/crm-camel"/>
    <property name="os.arch" value="x86_64"/>
    <property name="java.vm.specification.name" value="Java Virtual Machine Specification"/>
    <property name="java.awt.printerjob" value="sun.lwawt.macosx.CPrinterJob"/>
    <property name="sun.os.patch.level" value="unknown"/>
    <property name="java.library.path" value="/Users/wijngaards/Library/Java/Extensions:/Library/Java/Extensions:/Network/Library/Java/Extensions:/System/Library/Java/Extensions:/usr/lib/java:."/>
    <property name="java.vm.info" value="mixed mode"/>
    <property name="java.vendor" value="Oracle Corporation"/>
    <property name="java.vm.version" value="25.102-b14"/>
    <property name="java.ext.dirs" value="/Users/wijngaards/Library/Java/Extensions:/Library/Java/JavaVirtualMachines/jdk1.8.0_102.jdk/Contents/Home/jre/lib/ext:/Library/Java/Extensions:/Network/Library/Java/Extensions:/System/Library/Java/Extensions:/usr/lib/java"/>
    <property name="sun.io.unicode.encoding" value="UnicodeBig"/>
    <property name="java.class.version" value="52.0"/>
    <property name="socksNonProxyHosts" value="local|*.local|169.254/16|*.169.254/16"/>
  </properties>
  <testcase name="testXmlImporter" classname="ch.adesso.crm.camel.CustomerSimpleReaderTest" time="6.701"/>
  <testcase name="testCustomerToDatabase" classname="ch.adesso.crm.camel.CustomerSimpleReaderTest" time="2.609"/>
</testsuite>